[0.029s] Invoking command in '/home/sksuser/my_robot_ws/build/my_robot_bringup': CMAKE_PREFIX_PATH=/home/sksuser/my_robot_ws/install/my_robot_description:/home/sksuser/my_robot_ws/install/my_robot_bringup:/opt/ros/humble /usr/bin/cmake --build /home/sksuser/my_robot_ws/build/my_robot_bringup -- -j8 -l8
[0.134s] Invoked command in '/home/sksuser/my_robot_ws/build/my_robot_bringup' returned '0': CMAKE_PREFIX_PATH=/home/sksuser/my_robot_ws/install/my_robot_description:/home/sksuser/my_robot_ws/install/my_robot_bringup:/opt/ros/humble /usr/bin/cmake --build /home/sksuser/my_robot_ws/build/my_robot_bringup -- -j8 -l8
[0.148s] Invoking command in '/home/sksuser/my_robot_ws/build/my_robot_bringup': CMAKE_PREFIX_PATH=/home/sksuser/my_robot_ws/install/my_robot_description:/home/sksuser/my_robot_ws/install/my_robot_bringup:/opt/ros/humble /usr/bin/cmake --install /home/sksuser/my_robot_ws/build/my_robot_bringup
[0.160s] -- Install configuration: ""
[0.160s] -- Up-to-date: /home/sksuser/my_robot_ws/install/my_robot_bringup/share/my_robot_bringup//launch
[0.161s] -- Up-to-date: /home/sksuser/my_robot_ws/install/my_robot_bringup/share/my_robot_bringup//launch/my_robot.launch.xml
[0.161s] -- Up-to-date: /home/sksuser/my_robot_ws/install/my_robot_bringup/share/my_robot_bringup//config
[0.161s] -- Installing: /home/sksuser/my_robot_ws/install/my_robot_bringup/share/my_robot_bringup//config/gazebo_bridge.yaml
[0.161s] -- Up-to-date: /home/sksuser/my_robot_ws/install/my_robot_bringup/share/ament_index/resource_index/package_run_dependencies/my_robot_bringup
[0.162s] -- Up-to-date: /home/sksuser/my_robot_ws/install/my_robot_bringup/share/ament_index/resource_index/parent_prefix_path/my_robot_bringup
[0.162s] -- Up-to-date: /home/sksuser/my_robot_ws/install/my_robot_bringup/share/my_robot_bringup/environment/ament_prefix_path.sh
[0.163s] -- Up-to-date: /home/sksuser/my_robot_ws/install/my_robot_bringup/share/my_robot_bringup/environment/ament_prefix_path.dsv
[0.163s] -- Up-to-date: /home/sksuser/my_robot_ws/install/my_robot_bringup/share/my_robot_bringup/environment/path.sh
[0.163s] -- Up-to-date: /home/sksuser/my_robot_ws/install/my_robot_bringup/share/my_robot_bringup/environment/path.dsv
[0.163s] -- Up-to-date: /home/sksuser/my_robot_ws/install/my_robot_bringup/share/my_robot_bringup/local_setup.bash
[0.163s] -- Up-to-date: /home/sksuser/my_robot_ws/install/my_robot_bringup/share/my_robot_bringup/local_setup.sh
[0.163s] -- Up-to-date: /home/sksuser/my_robot_ws/install/my_robot_bringup/share/my_robot_bringup/local_setup.zsh
[0.163s] -- Up-to-date: /home/sksuser/my_robot_ws/install/my_robot_bringup/share/my_robot_bringup/local_setup.dsv
[0.164s] -- Installing: /home/sksuser/my_robot_ws/install/my_robot_bringup/share/my_robot_bringup/package.dsv
[0.164s] -- Up-to-date: /home/sksuser/my_robot_ws/install/my_robot_bringup/share/ament_index/resource_index/packages/my_robot_bringup
[0.165s] -- Up-to-date: /home/sksuser/my_robot_ws/install/my_robot_bringup/share/my_robot_bringup/cmake/my_robot_bringupConfig.cmake
[0.165s] -- Up-to-date: /home/sksuser/my_robot_ws/install/my_robot_bringup/share/my_robot_bringup/cmake/my_robot_bringupConfig-version.cmake
[0.165s] -- Up-to-date: /home/sksuser/my_robot_ws/install/my_robot_bringup/share/my_robot_bringup/package.xml
[0.168s] Invoked command in '/home/sksuser/my_robot_ws/build/my_robot_bringup' returned '0': CMAKE_PREFIX_PATH=/home/sksuser/my_robot_ws/install/my_robot_description:/home/sksuser/my_robot_ws/install/my_robot_bringup:/opt/ros/humble /usr/bin/cmake --install /home/sksuser/my_robot_ws/build/my_robot_bringup
