[0.020s] Invoking command in '/home/sksuser/my_robot_ws/build/my_robot_bringup': CMAKE_PREFIX_PATH=${CMAKE_PREFIX_PATH}:/opt/ros/humble /usr/bin/cmake /home/sksuser/my_robot_ws/src/my_robot_bringup -DCMAKE_INSTALL_PREFIX=/home/sksuser/my_robot_ws/install/my_robot_bringup
[0.179s] -- The C compiler identification is GNU 11.4.0
[0.356s] -- The CXX compiler identification is GNU 11.4.0
[0.370s] -- Detecting C compiler ABI info
[0.461s] -- Detecting C compiler ABI info - done
[0.469s] -- Check for working C compiler: /usr/bin/cc - skipped
[0.470s] -- Detecting C compile features
[0.471s] -- Detecting C compile features - done
[0.476s] -- Detecting CXX compiler ABI info
[0.580s] -- Detecting CXX compiler ABI info - done
[0.589s] -- Check for working CXX compiler: /usr/bin/c++ - skipped
[0.590s] -- Detecting CXX compile features
[0.590s] -- Detecting CXX compile features - done
[0.614s] -- Found ament_cmake: 1.3.12 (/opt/ros/humble/share/ament_cmake/cmake)
[0.805s] -- Found Python3: /usr/bin/python3 (found version "3.10.12") found components: Interpreter 
[1.018s] -- Configuring done
[1.022s] -- Generating done
[1.024s] -- Build files have been written to: /home/sksuser/my_robot_ws/build/my_robot_bringup
[1.030s] Invoked command in '/home/sksuser/my_robot_ws/build/my_robot_bringup' returned '0': CMAKE_PREFIX_PATH=${CMAKE_PREFIX_PATH}:/opt/ros/humble /usr/bin/cmake /home/sksuser/my_robot_ws/src/my_robot_bringup -DCMAKE_INSTALL_PREFIX=/home/sksuser/my_robot_ws/install/my_robot_bringup
[1.033s] Invoking command in '/home/sksuser/my_robot_ws/build/my_robot_bringup': CMAKE_PREFIX_PATH=${CMAKE_PREFIX_PATH}:/opt/ros/humble /usr/bin/cmake --build /home/sksuser/my_robot_ws/build/my_robot_bringup -- -j8 -l8
[1.078s] Invoked command in '/home/sksuser/my_robot_ws/build/my_robot_bringup' returned '0': CMAKE_PREFIX_PATH=${CMAKE_PREFIX_PATH}:/opt/ros/humble /usr/bin/cmake --build /home/sksuser/my_robot_ws/build/my_robot_bringup -- -j8 -l8
[1.091s] Invoking command in '/home/sksuser/my_robot_ws/build/my_robot_bringup': CMAKE_PREFIX_PATH=${CMAKE_PREFIX_PATH}:/opt/ros/humble /usr/bin/cmake --install /home/sksuser/my_robot_ws/build/my_robot_bringup
[1.100s] -- Install configuration: ""
[1.100s] -- Installing: /home/sksuser/my_robot_ws/install/my_robot_bringup/share/my_robot_bringup//launch
[1.101s] -- Installing: /home/sksuser/my_robot_ws/install/my_robot_bringup/share/my_robot_bringup//launch/my_robot.launch.xml
[1.101s] -- Installing: /home/sksuser/my_robot_ws/install/my_robot_bringup/share/my_robot_bringup//config
[1.106s] -- Installing: /home/sksuser/my_robot_ws/install/my_robot_bringup/share/ament_index/resource_index/package_run_dependencies/my_robot_bringup
[1.106s] -- Installing: /home/sksuser/my_robot_ws/install/my_robot_bringup/share/ament_index/resource_index/parent_prefix_path/my_robot_bringup
[1.107s] -- Installing: /home/sksuser/my_robot_ws/install/my_robot_bringup/share/my_robot_bringup/environment/ament_prefix_path.sh
[1.107s] -- Installing: /home/sksuser/my_robot_ws/install/my_robot_bringup/share/my_robot_bringup/environment/ament_prefix_path.dsv
[1.107s] -- Installing: /home/sksuser/my_robot_ws/install/my_robot_bringup/share/my_robot_bringup/environment/path.sh
[1.107s] -- Installing: /home/sksuser/my_robot_ws/install/my_robot_bringup/share/my_robot_bringup/environment/path.dsv
[1.107s] -- Installing: /home/sksuser/my_robot_ws/install/my_robot_bringup/share/my_robot_bringup/local_setup.bash
[1.107s] -- Installing: /home/sksuser/my_robot_ws/install/my_robot_bringup/share/my_robot_bringup/local_setup.sh
[1.108s] -- Installing: /home/sksuser/my_robot_ws/install/my_robot_bringup/share/my_robot_bringup/local_setup.zsh
[1.108s] -- Installing: /home/sksuser/my_robot_ws/install/my_robot_bringup/share/my_robot_bringup/local_setup.dsv
[1.108s] -- Installing: /home/sksuser/my_robot_ws/install/my_robot_bringup/share/my_robot_bringup/package.dsv
[1.108s] -- Installing: /home/sksuser/my_robot_ws/install/my_robot_bringup/share/ament_index/resource_index/packages/my_robot_bringup
[1.109s] -- Installing: /home/sksuser/my_robot_ws/install/my_robot_bringup/share/my_robot_bringup/cmake/my_robot_bringupConfig.cmake
[1.109s] -- Installing: /home/sksuser/my_robot_ws/install/my_robot_bringup/share/my_robot_bringup/cmake/my_robot_bringupConfig-version.cmake
[1.109s] -- Installing: /home/sksuser/my_robot_ws/install/my_robot_bringup/share/my_robot_bringup/package.xml
[1.112s] Invoked command in '/home/sksuser/my_robot_ws/build/my_robot_bringup' returned '0': CMAKE_PREFIX_PATH=${CMAKE_PREFIX_PATH}:/opt/ros/humble /usr/bin/cmake --install /home/sksuser/my_robot_ws/build/my_robot_bringup
