[0.026s] Invoking command in '/home/sksuser/my_robot_ws/build/my_robot_bringup': CMAKE_PREFIX_PATH=/home/sksuser/my_robot_ws/install/my_robot_description:/home/sksuser/my_robot_ws/install/my_robot_bringup:/opt/ros/humble /usr/bin/cmake --build /home/sksuser/my_robot_ws/build/my_robot_bringup -- -j8 -l8
[0.070s] -- Found ament_cmake: 1.3.12 (/opt/ros/humble/share/ament_cmake/cmake)
[0.345s] -- Configuring done
[0.352s] -- Generating done
[0.355s] -- Build files have been written to: /home/sksuser/my_robot_ws/build/my_robot_bringup
[0.381s] Invoked command in '/home/sksuser/my_robot_ws/build/my_robot_bringup' returned '0': CMAKE_PREFIX_PATH=/home/sksuser/my_robot_ws/install/my_robot_description:/home/sksuser/my_robot_ws/install/my_robot_bringup:/opt/ros/humble /usr/bin/cmake --build /home/sksuser/my_robot_ws/build/my_robot_bringup -- -j8 -l8
[0.395s] Invoking command in '/home/sksuser/my_robot_ws/build/my_robot_bringup': CMAKE_PREFIX_PATH=/home/sksuser/my_robot_ws/install/my_robot_description:/home/sksuser/my_robot_ws/install/my_robot_bringup:/opt/ros/humble /usr/bin/cmake --install /home/sksuser/my_robot_ws/build/my_robot_bringup
[0.403s] -- Install configuration: ""
[0.403s] -- Up-to-date: /home/sksuser/my_robot_ws/install/my_robot_bringup/share/my_robot_bringup//launch
[0.405s] -- Up-to-date: /home/sksuser/my_robot_ws/install/my_robot_bringup/share/my_robot_bringup//launch/my_robot.launch.xml
[0.405s] -- Up-to-date: /home/sksuser/my_robot_ws/install/my_robot_bringup/share/my_robot_bringup//config
[0.406s] -- Up-to-date: /home/sksuser/my_robot_ws/install/my_robot_bringup/share/ament_index/resource_index/package_run_dependencies/my_robot_bringup
[0.406s] -- Installing: /home/sksuser/my_robot_ws/install/my_robot_bringup/share/ament_index/resource_index/parent_prefix_path/my_robot_bringup
[0.406s] -- Up-to-date: /home/sksuser/my_robot_ws/install/my_robot_bringup/share/my_robot_bringup/environment/ament_prefix_path.sh
[0.406s] -- Installing: /home/sksuser/my_robot_ws/install/my_robot_bringup/share/my_robot_bringup/environment/ament_prefix_path.dsv
[0.407s] -- Up-to-date: /home/sksuser/my_robot_ws/install/my_robot_bringup/share/my_robot_bringup/environment/path.sh
[0.407s] -- Installing: /home/sksuser/my_robot_ws/install/my_robot_bringup/share/my_robot_bringup/environment/path.dsv
[0.407s] -- Up-to-date: /home/sksuser/my_robot_ws/install/my_robot_bringup/share/my_robot_bringup/local_setup.bash
[0.407s] -- Up-to-date: /home/sksuser/my_robot_ws/install/my_robot_bringup/share/my_robot_bringup/local_setup.sh
[0.408s] -- Up-to-date: /home/sksuser/my_robot_ws/install/my_robot_bringup/share/my_robot_bringup/local_setup.zsh
[0.408s] -- Installing: /home/sksuser/my_robot_ws/install/my_robot_bringup/share/my_robot_bringup/local_setup.dsv
[0.408s] -- Installing: /home/sksuser/my_robot_ws/install/my_robot_bringup/share/my_robot_bringup/package.dsv
[0.408s] -- Up-to-date: /home/sksuser/my_robot_ws/install/my_robot_bringup/share/ament_index/resource_index/packages/my_robot_bringup
[0.408s] -- Up-to-date: /home/sksuser/my_robot_ws/install/my_robot_bringup/share/my_robot_bringup/cmake/my_robot_bringupConfig.cmake
[0.408s] -- Up-to-date: /home/sksuser/my_robot_ws/install/my_robot_bringup/share/my_robot_bringup/cmake/my_robot_bringupConfig-version.cmake
[0.408s] -- Up-to-date: /home/sksuser/my_robot_ws/install/my_robot_bringup/share/my_robot_bringup/package.xml
[0.412s] Invoked command in '/home/sksuser/my_robot_ws/build/my_robot_bringup' returned '0': CMAKE_PREFIX_PATH=/home/sksuser/my_robot_ws/install/my_robot_description:/home/sksuser/my_robot_ws/install/my_robot_bringup:/opt/ros/humble /usr/bin/cmake --install /home/sksuser/my_robot_ws/build/my_robot_bringup
