[0.016s] Invoking command in '/home/sksuser/my_robot_ws/src/build/my_robot_description': CMAKE_PREFIX_PATH=${CMAKE_PREFIX_PATH}:/opt/ros/humble /usr/bin/cmake /home/sksuser/my_robot_ws/src/my_robot_description -DCMAKE_INSTALL_PREFIX=/home/sksuser/my_robot_ws/src/install/my_robot_description
[0.221s] -- The C compiler identification is GNU 11.4.0
[0.366s] -- The CXX compiler identification is GNU 11.4.0
[0.380s] -- Detecting C compiler ABI info
[0.474s] -- Detecting C compiler ABI info - done
[0.482s] -- Check for working C compiler: /usr/bin/cc - skipped
[0.483s] -- Detecting C compile features
[0.484s] -- Detecting C compile features - done
[0.489s] -- Detecting CXX compiler ABI info
[0.586s] -- Detecting CXX compiler ABI info - done
[0.595s] -- Check for working CXX compiler: /usr/bin/c++ - skipped
[0.596s] -- Detecting CXX compile features
[0.596s] -- Detecting CXX compile features - done
[0.609s] -- Found ament_cmake: 1.3.12 (/opt/ros/humble/share/ament_cmake/cmake)
[0.803s] -- Found Python3: /usr/bin/python3 (found version "3.10.12") found components: Interpreter 
[1.030s] -- Configuring done
[1.033s] -- Generating done
[1.037s] -- Build files have been written to: /home/sksuser/my_robot_ws/src/build/my_robot_description
[1.042s] Invoked command in '/home/sksuser/my_robot_ws/src/build/my_robot_description' returned '0': CMAKE_PREFIX_PATH=${CMAKE_PREFIX_PATH}:/opt/ros/humble /usr/bin/cmake /home/sksuser/my_robot_ws/src/my_robot_description -DCMAKE_INSTALL_PREFIX=/home/sksuser/my_robot_ws/src/install/my_robot_description
[1.045s] Invoking command in '/home/sksuser/my_robot_ws/src/build/my_robot_description': CMAKE_PREFIX_PATH=${CMAKE_PREFIX_PATH}:/opt/ros/humble /usr/bin/cmake --build /home/sksuser/my_robot_ws/src/build/my_robot_description -- -j8 -l8
[1.088s] Invoked command in '/home/sksuser/my_robot_ws/src/build/my_robot_description' returned '0': CMAKE_PREFIX_PATH=${CMAKE_PREFIX_PATH}:/opt/ros/humble /usr/bin/cmake --build /home/sksuser/my_robot_ws/src/build/my_robot_description -- -j8 -l8
[1.099s] Invoking command in '/home/sksuser/my_robot_ws/src/build/my_robot_description': CMAKE_PREFIX_PATH=${CMAKE_PREFIX_PATH}:/opt/ros/humble /usr/bin/cmake --install /home/sksuser/my_robot_ws/src/build/my_robot_description
[1.109s] -- Install configuration: ""
[1.109s] -- Installing: /home/sksuser/my_robot_ws/src/install/my_robot_description/share/my_robot_description/urdf
[1.114s] -- Installing: /home/sksuser/my_robot_ws/src/install/my_robot_description/share/my_robot_description/urdf/mobile_base.xacro
[1.114s] -- Installing: /home/sksuser/my_robot_ws/src/install/my_robot_description/share/my_robot_description/urdf/common_properties.xacro
[1.114s] -- Installing: /home/sksuser/my_robot_ws/src/install/my_robot_description/share/my_robot_description/urdf/my_robot.urdf.xacro
[1.115s] -- Installing: /home/sksuser/my_robot_ws/src/install/my_robot_description/share/my_robot_description/urdf/mobile_base_gazebo.xacro
[1.115s] -- Installing: /home/sksuser/my_robot_ws/src/install/my_robot_description/share/my_robot_description/rviz
[1.116s] -- Installing: /home/sksuser/my_robot_ws/src/install/my_robot_description/share/my_robot_description/rviz/urdf_config.rviz
[1.116s] -- Installing: /home/sksuser/my_robot_ws/src/install/my_robot_description/share/my_robot_description/launch
[1.116s] -- Installing: /home/sksuser/my_robot_ws/src/install/my_robot_description/share/my_robot_description/launch/display.launch.xml
[1.117s] -- Installing: /home/sksuser/my_robot_ws/src/install/my_robot_description/share/ament_index/resource_index/package_run_dependencies/my_robot_description
[1.117s] -- Installing: /home/sksuser/my_robot_ws/src/install/my_robot_description/share/ament_index/resource_index/parent_prefix_path/my_robot_description
[1.118s] -- Installing: /home/sksuser/my_robot_ws/src/install/my_robot_description/share/my_robot_description/environment/ament_prefix_path.sh
[1.118s] -- Installing: /home/sksuser/my_robot_ws/src/install/my_robot_description/share/my_robot_description/environment/ament_prefix_path.dsv
[1.118s] -- Installing: /home/sksuser/my_robot_ws/src/install/my_robot_description/share/my_robot_description/environment/path.sh
[1.119s] -- Installing: /home/sksuser/my_robot_ws/src/install/my_robot_description/share/my_robot_description/environment/path.dsv
[1.119s] -- Installing: /home/sksuser/my_robot_ws/src/install/my_robot_description/share/my_robot_description/local_setup.bash
[1.119s] -- Installing: /home/sksuser/my_robot_ws/src/install/my_robot_description/share/my_robot_description/local_setup.sh
[1.119s] -- Installing: /home/sksuser/my_robot_ws/src/install/my_robot_description/share/my_robot_description/local_setup.zsh
[1.119s] -- Installing: /home/sksuser/my_robot_ws/src/install/my_robot_description/share/my_robot_description/local_setup.dsv
[1.120s] -- Installing: /home/sksuser/my_robot_ws/src/install/my_robot_description/share/my_robot_description/package.dsv
[1.120s] -- Installing: /home/sksuser/my_robot_ws/src/install/my_robot_description/share/ament_index/resource_index/packages/my_robot_description
[1.120s] -- Installing: /home/sksuser/my_robot_ws/src/install/my_robot_description/share/my_robot_description/cmake/my_robot_descriptionConfig.cmake
[1.121s] -- Installing: /home/sksuser/my_robot_ws/src/install/my_robot_description/share/my_robot_description/cmake/my_robot_descriptionConfig-version.cmake
[1.121s] -- Installing: /home/sksuser/my_robot_ws/src/install/my_robot_description/share/my_robot_description/package.xml
[1.123s] Invoked command in '/home/sksuser/my_robot_ws/src/build/my_robot_description' returned '0': CMAKE_PREFIX_PATH=${CMAKE_PREFIX_PATH}:/opt/ros/humble /usr/bin/cmake --install /home/sksuser/my_robot_ws/src/build/my_robot_description
