-- The C compiler identification is GNU 11.4.0
-- The CXX compiler identification is GNU 11.4.0
-- Detecting C compiler ABI info
-- Detecting C compiler ABI info - done
-- Check for working C compiler: /usr/bin/cc - skipped
-- Detecting C compile features
-- Detecting C compile features - done
-- Detecting CXX compiler ABI info
-- Detecting CXX compiler ABI info - done
-- Check for working CXX compiler: /usr/bin/c++ - skipped
-- Detecting CXX compile features
-- Detecting CXX compile features - done
-- Found ament_cmake: 1.3.12 (/opt/ros/humble/share/ament_cmake/cmake)
-- Found Python3: /usr/bin/python3 (found version "3.10.12") found components: Interpreter 
-- Configuring done
-- Generating done
-- Build files have been written to: /home/sksuser/my_robot_ws/build/my_robot_description
-- Install configuration: ""
-- Installing: /home/sksuser/my_robot_ws/install/my_robot_description/share/my_robot_description/urdf
-- Installing: /home/sksuser/my_robot_ws/install/my_robot_description/share/my_robot_description/urdf/mobile_base.xacro
-- Installing: /home/sksuser/my_robot_ws/install/my_robot_description/share/my_robot_description/urdf/common_properties.xacro
-- Installing: /home/sksuser/my_robot_ws/install/my_robot_description/share/my_robot_description/urdf/my_robot.urdf.xacro
-- Installing: /home/sksuser/my_robot_ws/install/my_robot_description/share/my_robot_description/rviz
-- Installing: /home/sksuser/my_robot_ws/install/my_robot_description/share/my_robot_description/rviz/urdf_config.rviz
