[0.018s] Invoking command in '/home/sksuser/my_robot_ws/build/my_robot_description': CMAKE_PREFIX_PATH=/opt/ros/humble /usr/bin/cmake /home/sksuser/my_robot_ws/src/my_robot_description -DCMAKE_INSTALL_PREFIX=/home/sksuser/my_robot_ws/install/my_robot_description
[0.160s] -- The C compiler identification is GNU 11.4.0
[0.273s] -- The CXX compiler identification is GNU 11.4.0
[0.287s] -- Detecting C compiler ABI info
[0.409s] -- Detecting C compiler ABI info - done
[0.418s] -- Check for working C compiler: /usr/bin/cc - skipped
[0.419s] -- Detecting C compile features
[0.420s] -- Detecting C compile features - done
[0.424s] -- Detecting CXX compiler ABI info
[0.534s] -- Detecting CXX compiler ABI info - done
[0.545s] -- Check for working CXX compiler: /usr/bin/c++ - skipped
[0.545s] -- Detecting CXX compile features
[0.546s] -- Detecting CXX compile features - done
[0.568s] -- Found ament_cmake: 1.3.12 (/opt/ros/humble/share/ament_cmake/cmake)
[0.760s] -- Found Python3: /usr/bin/python3 (found version "3.10.12") found components: Interpreter 
[0.958s] -- Configuring done
[0.962s] -- Generating done
[0.964s] -- Build files have been written to: /home/sksuser/my_robot_ws/build/my_robot_description
[0.969s] Invoked command in '/home/sksuser/my_robot_ws/build/my_robot_description' returned '0': CMAKE_PREFIX_PATH=/opt/ros/humble /usr/bin/cmake /home/sksuser/my_robot_ws/src/my_robot_description -DCMAKE_INSTALL_PREFIX=/home/sksuser/my_robot_ws/install/my_robot_description
[0.971s] Invoking command in '/home/sksuser/my_robot_ws/build/my_robot_description': CMAKE_PREFIX_PATH=/opt/ros/humble /usr/bin/cmake --build /home/sksuser/my_robot_ws/build/my_robot_description -- -j8 -l8
[1.012s] Invoked command in '/home/sksuser/my_robot_ws/build/my_robot_description' returned '0': CMAKE_PREFIX_PATH=/opt/ros/humble /usr/bin/cmake --build /home/sksuser/my_robot_ws/build/my_robot_description -- -j8 -l8
[1.023s] Invoking command in '/home/sksuser/my_robot_ws/build/my_robot_description': CMAKE_PREFIX_PATH=/opt/ros/humble /usr/bin/cmake --install /home/sksuser/my_robot_ws/build/my_robot_description
[1.034s] -- Install configuration: ""
[1.034s] -- Installing: /home/sksuser/my_robot_ws/install/my_robot_description/share/my_robot_description/urdf
[1.034s] -- Installing: /home/sksuser/my_robot_ws/install/my_robot_description/share/my_robot_description/urdf/mobile_base.xacro
[1.035s] -- Installing: /home/sksuser/my_robot_ws/install/my_robot_description/share/my_robot_description/urdf/common_properties.xacro
[1.035s] -- Installing: /home/sksuser/my_robot_ws/install/my_robot_description/share/my_robot_description/urdf/my_robot.urdf.xacro
[1.035s] -- Installing: /home/sksuser/my_robot_ws/install/my_robot_description/share/my_robot_description/rviz
[1.036s] -- Installing: /home/sksuser/my_robot_ws/install/my_robot_description/share/my_robot_description/rviz/urdf_config.rviz
[1.036s] [31mCMake Error at cmake_install.cmake:46 (file):
[1.036s]   file INSTALL cannot find
[1.036s]   "/home/sksuser/my_robot_ws/src/my_robot_description/meshes": No such file
[1.036s]   or directory.
[1.036s] 
[1.036s] [0m
[1.039s] Invoked command in '/home/sksuser/my_robot_ws/build/my_robot_description' returned '1': CMAKE_PREFIX_PATH=/opt/ros/humble /usr/bin/cmake --install /home/sksuser/my_robot_ws/build/my_robot_description
