[0.021s] Invoking command in '/home/sksuser/my_robot_ws/build/my_robot_bringup': CMAKE_PREFIX_PATH=/home/sksuser/my_robot_ws/install/my_robot_description:/home/sksuser/my_robot_ws/install/my_robot_bringup:/opt/ros/humble /usr/bin/cmake --build /home/sksuser/my_robot_ws/build/my_robot_bringup -- -j8 -l8
[0.062s] -- Found ament_cmake: 1.3.12 (/opt/ros/humble/share/ament_cmake/cmake)
[0.334s] -- Configuring done
[0.346s] -- Generating done
[0.348s] -- Build files have been written to: /home/sksuser/my_robot_ws/build/my_robot_bringup
[0.373s] Invoked command in '/home/sksuser/my_robot_ws/build/my_robot_bringup' returned '0': CMAKE_PREFIX_PATH=/home/sksuser/my_robot_ws/install/my_robot_description:/home/sksuser/my_robot_ws/install/my_robot_bringup:/opt/ros/humble /usr/bin/cmake --build /home/sksuser/my_robot_ws/build/my_robot_bringup -- -j8 -l8
[0.386s] Invoking command in '/home/sksuser/my_robot_ws/build/my_robot_bringup': CMAKE_PREFIX_PATH=/home/sksuser/my_robot_ws/install/my_robot_description:/home/sksuser/my_robot_ws/install/my_robot_bringup:/opt/ros/humble /usr/bin/cmake --install /home/sksuser/my_robot_ws/build/my_robot_bringup
[0.395s] -- Install configuration: ""
[0.395s] -- Up-to-date: /home/sksuser/my_robot_ws/install/my_robot_bringup/share/my_robot_bringup//launch
[0.395s] -- Installing: /home/sksuser/my_robot_ws/install/my_robot_bringup/share/my_robot_bringup//launch/my_robot.launch.xml
[0.395s] -- Up-to-date: /home/sksuser/my_robot_ws/install/my_robot_bringup/share/my_robot_bringup//config
[0.396s] -- Installing: /home/sksuser/my_robot_ws/install/my_robot_bringup/share/my_robot_bringup//config/gazebo_bridge.yaml
[0.396s] -- Installing: /home/sksuser/my_robot_ws/install/my_robot_bringup/share/ament_index/resource_index/package_run_dependencies/my_robot_bringup
[0.397s] -- Up-to-date: /home/sksuser/my_robot_ws/install/my_robot_bringup/share/ament_index/resource_index/parent_prefix_path/my_robot_bringup
[0.397s] -- Up-to-date: /home/sksuser/my_robot_ws/install/my_robot_bringup/share/my_robot_bringup/environment/ament_prefix_path.sh
[0.397s] -- Installing: /home/sksuser/my_robot_ws/install/my_robot_bringup/share/my_robot_bringup/environment/ament_prefix_path.dsv
[0.397s] -- Up-to-date: /home/sksuser/my_robot_ws/install/my_robot_bringup/share/my_robot_bringup/environment/path.sh
[0.398s] -- Installing: /home/sksuser/my_robot_ws/install/my_robot_bringup/share/my_robot_bringup/environment/path.dsv
[0.398s] -- Up-to-date: /home/sksuser/my_robot_ws/install/my_robot_bringup/share/my_robot_bringup/local_setup.bash
[0.398s] -- Up-to-date: /home/sksuser/my_robot_ws/install/my_robot_bringup/share/my_robot_bringup/local_setup.sh
[0.399s] -- Up-to-date: /home/sksuser/my_robot_ws/install/my_robot_bringup/share/my_robot_bringup/local_setup.zsh
[0.399s] -- Installing: /home/sksuser/my_robot_ws/install/my_robot_bringup/share/my_robot_bringup/local_setup.dsv
[0.399s] -- Installing: /home/sksuser/my_robot_ws/install/my_robot_bringup/share/my_robot_bringup/package.dsv
[0.399s] -- Up-to-date: /home/sksuser/my_robot_ws/install/my_robot_bringup/share/ament_index/resource_index/packages/my_robot_bringup
[0.399s] -- Up-to-date: /home/sksuser/my_robot_ws/install/my_robot_bringup/share/my_robot_bringup/cmake/my_robot_bringupConfig.cmake
[0.399s] -- Up-to-date: /home/sksuser/my_robot_ws/install/my_robot_bringup/share/my_robot_bringup/cmake/my_robot_bringupConfig-version.cmake
[0.399s] -- Installing: /home/sksuser/my_robot_ws/install/my_robot_bringup/share/my_robot_bringup/package.xml
[0.402s] Invoked command in '/home/sksuser/my_robot_ws/build/my_robot_bringup' returned '0': CMAKE_PREFIX_PATH=/home/sksuser/my_robot_ws/install/my_robot_description:/home/sksuser/my_robot_ws/install/my_robot_bringup:/opt/ros/humble /usr/bin/cmake --install /home/sksuser/my_robot_ws/build/my_robot_bringup
