[0.016s] Invoking command in '/home/sksuser/my_robot_ws/src/build/my_robot_bringup': AMENT_PREFIX_PATH=/home/sksuser/my_robot_ws/src/install/my_robot_description:${AMENT_PREFIX_PATH} CMAKE_PREFIX_PATH=/home/sksuser/my_robot_ws/src/install/my_robot_description:/home/sksuser/my_robot_ws/install/my_robot_bringup:/home/sksuser/my_robot_ws/install/my_robot_description:/opt/ros/humble /usr/bin/cmake /home/sksuser/my_robot_ws/src/my_robot_bringup -DCMAKE_INSTALL_PREFIX=/home/sksuser/my_robot_ws/src/install/my_robot_bringup
[0.088s] -- The C compiler identification is GNU 11.4.0
[0.155s] -- The CXX compiler identification is GNU 11.4.0
[0.163s] -- Detecting C compiler ABI info
[0.247s] -- Detecting C compiler ABI info - done
[0.255s] -- Check for working C compiler: /usr/bin/cc - skipped
[0.256s] -- Detecting C compile features
[0.256s] -- Detecting C compile features - done
[0.260s] -- Detecting CXX compiler ABI info
[0.361s] -- Detecting CXX compiler ABI info - done
[0.369s] -- Check for working CXX compiler: /usr/bin/c++ - skipped
[0.370s] -- Detecting CXX compile features
[0.370s] -- Detecting CXX compile features - done
[0.374s] -- Found ament_cmake: 1.3.12 (/opt/ros/humble/share/ament_cmake/cmake)
[0.552s] -- Found Python3: /usr/bin/python3 (found version "3.10.12") found components: Interpreter 
[0.732s] -- Configuring done
[0.735s] -- Generating done
[0.737s] -- Build files have been written to: /home/sksuser/my_robot_ws/src/build/my_robot_bringup
[0.742s] Invoked command in '/home/sksuser/my_robot_ws/src/build/my_robot_bringup' returned '0': AMENT_PREFIX_PATH=/home/sksuser/my_robot_ws/src/install/my_robot_description:${AMENT_PREFIX_PATH} CMAKE_PREFIX_PATH=/home/sksuser/my_robot_ws/src/install/my_robot_description:/home/sksuser/my_robot_ws/install/my_robot_bringup:/home/sksuser/my_robot_ws/install/my_robot_description:/opt/ros/humble /usr/bin/cmake /home/sksuser/my_robot_ws/src/my_robot_bringup -DCMAKE_INSTALL_PREFIX=/home/sksuser/my_robot_ws/src/install/my_robot_bringup
[0.744s] Invoking command in '/home/sksuser/my_robot_ws/src/build/my_robot_bringup': AMENT_PREFIX_PATH=/home/sksuser/my_robot_ws/src/install/my_robot_description:${AMENT_PREFIX_PATH} CMAKE_PREFIX_PATH=/home/sksuser/my_robot_ws/src/install/my_robot_description:/home/sksuser/my_robot_ws/install/my_robot_bringup:/home/sksuser/my_robot_ws/install/my_robot_description:/opt/ros/humble /usr/bin/cmake --build /home/sksuser/my_robot_ws/src/build/my_robot_bringup -- -j8 -l8
[0.791s] Invoked command in '/home/sksuser/my_robot_ws/src/build/my_robot_bringup' returned '0': AMENT_PREFIX_PATH=/home/sksuser/my_robot_ws/src/install/my_robot_description:${AMENT_PREFIX_PATH} CMAKE_PREFIX_PATH=/home/sksuser/my_robot_ws/src/install/my_robot_description:/home/sksuser/my_robot_ws/install/my_robot_bringup:/home/sksuser/my_robot_ws/install/my_robot_description:/opt/ros/humble /usr/bin/cmake --build /home/sksuser/my_robot_ws/src/build/my_robot_bringup -- -j8 -l8
[0.793s] Invoking command in '/home/sksuser/my_robot_ws/src/build/my_robot_bringup': AMENT_PREFIX_PATH=/home/sksuser/my_robot_ws/src/install/my_robot_description:${AMENT_PREFIX_PATH} CMAKE_PREFIX_PATH=/home/sksuser/my_robot_ws/src/install/my_robot_description:/home/sksuser/my_robot_ws/install/my_robot_bringup:/home/sksuser/my_robot_ws/install/my_robot_description:/opt/ros/humble /usr/bin/cmake --install /home/sksuser/my_robot_ws/src/build/my_robot_bringup
[0.801s] -- Install configuration: ""
[0.802s] -- Installing: /home/sksuser/my_robot_ws/src/install/my_robot_bringup/share/my_robot_bringup//launch
[0.802s] -- Installing: /home/sksuser/my_robot_ws/src/install/my_robot_bringup/share/my_robot_bringup//launch/my_robot.launch.xml
[0.803s] -- Installing: /home/sksuser/my_robot_ws/src/install/my_robot_bringup/share/my_robot_bringup//config
[0.803s] -- Installing: /home/sksuser/my_robot_ws/src/install/my_robot_bringup/share/my_robot_bringup//config/gazebo_bridge.yaml
[0.804s] -- Installing: /home/sksuser/my_robot_ws/src/install/my_robot_bringup/share/ament_index/resource_index/package_run_dependencies/my_robot_bringup
[0.804s] -- Installing: /home/sksuser/my_robot_ws/src/install/my_robot_bringup/share/ament_index/resource_index/parent_prefix_path/my_robot_bringup
[0.804s] -- Installing: /home/sksuser/my_robot_ws/src/install/my_robot_bringup/share/my_robot_bringup/environment/ament_prefix_path.sh
[0.804s] -- Installing: /home/sksuser/my_robot_ws/src/install/my_robot_bringup/share/my_robot_bringup/environment/ament_prefix_path.dsv
[0.805s] -- Installing: /home/sksuser/my_robot_ws/src/install/my_robot_bringup/share/my_robot_bringup/environment/path.sh
[0.805s] -- Installing: /home/sksuser/my_robot_ws/src/install/my_robot_bringup/share/my_robot_bringup/environment/path.dsv
[0.805s] -- Installing: /home/sksuser/my_robot_ws/src/install/my_robot_bringup/share/my_robot_bringup/local_setup.bash
[0.806s] -- Installing: /home/sksuser/my_robot_ws/src/install/my_robot_bringup/share/my_robot_bringup/local_setup.sh
[0.806s] -- Installing: /home/sksuser/my_robot_ws/src/install/my_robot_bringup/share/my_robot_bringup/local_setup.zsh
[0.806s] -- Installing: /home/sksuser/my_robot_ws/src/install/my_robot_bringup/share/my_robot_bringup/local_setup.dsv
[0.806s] -- Installing: /home/sksuser/my_robot_ws/src/install/my_robot_bringup/share/my_robot_bringup/package.dsv
[0.806s] -- Installing: /home/sksuser/my_robot_ws/src/install/my_robot_bringup/share/ament_index/resource_index/packages/my_robot_bringup
[0.807s] -- Installing: /home/sksuser/my_robot_ws/src/install/my_robot_bringup/share/my_robot_bringup/cmake/my_robot_bringupConfig.cmake
[0.807s] -- Installing: /home/sksuser/my_robot_ws/src/install/my_robot_bringup/share/my_robot_bringup/cmake/my_robot_bringupConfig-version.cmake
[0.807s] -- Installing: /home/sksuser/my_robot_ws/src/install/my_robot_bringup/share/my_robot_bringup/package.xml
[0.810s] Invoked command in '/home/sksuser/my_robot_ws/src/build/my_robot_bringup' returned '0': AMENT_PREFIX_PATH=/home/sksuser/my_robot_ws/src/install/my_robot_description:${AMENT_PREFIX_PATH} CMAKE_PREFIX_PATH=/home/sksuser/my_robot_ws/src/install/my_robot_description:/home/sksuser/my_robot_ws/install/my_robot_bringup:/home/sksuser/my_robot_ws/install/my_robot_description:/opt/ros/humble /usr/bin/cmake --install /home/sksuser/my_robot_ws/src/build/my_robot_bringup
